[0.168s] Invoking command in '/root/tiago_public_ws/build/play_motion2': AMENT_PREFIX_PATH=/root/tiago_public_ws/install/launch_pal:/root/tiago_public_ws/install/urdf_test:/root/tiago_public_ws/install/tiago_simulation:/root/tiago_public_ws/install/tiago_robot:/root/tiago_public_ws/install/tiago_navigation:/root/tiago_public_ws/install/tiago_gazebo:/root/tiago_public_ws/install/tiago_moveit_config:/root/tiago_public_ws/install/tiago_2dnav:/root/tiago_public_ws/install/tiago_laser_sensors:/root/tiago_public_ws/install/tiago_bringup:/root/tiago_public_ws/install/tiago_description:/root/tiago_public_ws/install/tiago_controller_configuration:/root/tiago_public_ws/install/pmb2_robot:/root/tiago_public_ws/install/pmb2_navigation:/root/tiago_public_ws/install/pmb2_2dnav:/root/tiago_public_ws/install/pmb2_laser_sensors:/root/tiago_public_ws/install/pmb2_bringup:/root/tiago_public_ws/install/pmb2_description:/root/tiago_public_ws/install/pmb2_controller_configuration:/root/tiago_public_ws/install/play_motion2:/root/tiago_public_ws/install/play_motion2_msgs:/root/tiago_public_ws/install/plansys2_simple_example:/root/tiago_public_ws/install/plansys2_patrol_navigation_example:/root/tiago_public_ws/install/plansys2_multidomain_example:/root/tiago_public_ws/install/plansys2_cascade_example:/root/tiago_public_ws/install/plansys2_bt_example:/root/tiago_public_ws/install/pal_hey5:/root/tiago_public_ws/install/pal_hey5_description:/root/tiago_public_ws/install/pal_gripper_simulation:/root/tiago_public_ws/install/pal_gripper:/root/tiago_public_ws/install/pal_gripper_description:/root/tiago_public_ws/install/pal_urdf_utils:/root/tiago_public_ws/install/pal_robotiq_gripper:/root/tiago_public_ws/install/pal_robotiq_description:/root/tiago_public_ws/install/pal_robotiq_controller_configuration:/root/tiago_public_ws/install/pal_navigation_cfg:/root/tiago_public_ws/install/pal_navigation_cfg_bringup:/root/tiago_public_ws/install/pal_navigation_cfg_params:/root/tiago_public_ws/install/pal_hey5_controller_configuration:/root/tiago_public_ws/install/pal_gripper_controller_configuration:/root/tiago_public_ws/install/pal_gazebo_worlds:/root/nav2_ws/install/nav2_system_tests:/root/nav2_ws/install/nav2_bringup:/root/nav2_ws/install/navigation2:/root/nav2_ws/install/nav2_smoother:/root/nav2_ws/install/nav2_graceful_controller:/root/nav2_ws/install/nav2_dwb_controller:/root/nav2_ws/install/nav2_controller:/root/nav2_ws/install/dwb_plugins:/root/nav2_ws/install/dwb_critics:/root/nav2_ws/install/dwb_core:/root/nav2_ws/install/nav_2d_utils:/root/nav2_ws/install/dwb_msgs:/root/nav2_ws/install/nav_2d_msgs:/root/nav2_ws/install/nav2_waypoint_follower:/root/nav2_ws/install/nav2_theta_star_planner:/root/nav2_ws/install/nav2_smac_planner:/root/nav2_ws/install/nav2_rotation_shim_controller:/root/nav2_ws/install/nav2_regulated_pure_pursuit_controller:/root/nav2_ws/install/nav2_planner:/root/nav2_ws/install/nav2_navfn_planner:/root/nav2_ws/install/nav2_mppi_controller:/root/nav2_ws/install/nav2_constrained_smoother:/root/nav2_ws/install/nav2_bt_navigator:/root/nav2_ws/install/nav2_behaviors:/root/nav2_ws/install/nav2_core:/root/nav2_ws/install/nav2_collision_monitor:/root/nav2_ws/install/costmap_queue:/root/nav2_ws/install/nav2_costmap_2d:/root/nav2_ws/install/nav2_voxel_grid:/root/nav2_ws/install/nav2_velocity_smoother:/root/nav2_ws/install/nav2_rviz_plugins:/root/nav2_ws/install/nav2_map_server:/root/nav2_ws/install/nav2_lifecycle_manager:/root/nav2_ws/install/nav2_behavior_tree:/root/nav2_ws/install/nav2_amcl:/root/nav2_ws/install/nav2_util:/root/nav2_ws/install/nav2_simple_commander:/root/nav2_ws/install/nav2_msgs:/root/nav2_ws/install/nav2_common:/opt/ros/humble CMAKE_PREFIX_PATH=/root/tiago_public_ws/install/play_motion2_msgs:/root/tiago_public_ws/install/urdf_test:/root/tiago_public_ws/install/tiago_simulation:/root/tiago_public_ws/install/tiago_robot:/root/tiago_public_ws/install/tiago_navigation:/root/tiago_public_ws/install/tiago_gazebo:/root/tiago_public_ws/install/tiago_moveit_config:/root/tiago_public_ws/install/tiago_2dnav:/root/tiago_public_ws/install/tiago_laser_sensors:/root/tiago_public_ws/install/tiago_bringup:/root/tiago_public_ws/install/tiago_description:/root/tiago_public_ws/install/tiago_controller_configuration:/root/tiago_public_ws/install/pmb2_robot:/root/tiago_public_ws/install/pmb2_navigation:/root/tiago_public_ws/install/pmb2_2dnav:/root/tiago_public_ws/install/pmb2_laser_sensors:/root/tiago_public_ws/install/pmb2_bringup:/root/tiago_public_ws/install/pmb2_description:/root/tiago_public_ws/install/pmb2_controller_configuration:/root/tiago_public_ws/install/play_motion2:/root/tiago_public_ws/install/plansys2_simple_example:/root/tiago_public_ws/install/plansys2_patrol_navigation_example:/root/tiago_public_ws/install/plansys2_multidomain_example:/root/tiago_public_ws/install/plansys2_cascade_example:/root/tiago_public_ws/install/plansys2_bt_example:/root/tiago_public_ws/install/pal_hey5:/root/tiago_public_ws/install/pal_hey5_description:/root/tiago_public_ws/install/pal_gripper_simulation:/root/tiago_public_ws/install/pal_gripper:/root/tiago_public_ws/install/pal_gripper_description:/root/tiago_public_ws/install/pal_urdf_utils:/root/tiago_public_ws/install/pal_robotiq_gripper:/root/tiago_public_ws/install/pal_robotiq_description:/root/tiago_public_ws/install/pal_robotiq_controller_configuration:/root/tiago_public_ws/install/pal_navigation_cfg:/root/tiago_public_ws/install/pal_navigation_cfg_bringup:/root/tiago_public_ws/install/pal_navigation_cfg_params:/root/tiago_public_ws/install/pal_hey5_controller_configuration:/root/tiago_public_ws/install/pal_gripper_controller_configuration:/root/tiago_public_ws/install/pal_gazebo_worlds:/root/nav2_ws/install/nav2_system_tests:/root/nav2_ws/install/nav2_bringup:/root/nav2_ws/install/navigation2:/root/nav2_ws/install/nav2_smoother:/root/nav2_ws/install/nav2_graceful_controller:/root/nav2_ws/install/nav2_dwb_controller:/root/nav2_ws/install/nav2_controller:/root/nav2_ws/install/dwb_plugins:/root/nav2_ws/install/dwb_critics:/root/nav2_ws/install/dwb_core:/root/nav2_ws/install/nav_2d_utils:/root/nav2_ws/install/dwb_msgs:/root/nav2_ws/install/nav_2d_msgs:/root/nav2_ws/install/nav2_waypoint_follower:/root/nav2_ws/install/nav2_theta_star_planner:/root/nav2_ws/install/nav2_smac_planner:/root/nav2_ws/install/nav2_rotation_shim_controller:/root/nav2_ws/install/nav2_regulated_pure_pursuit_controller:/root/nav2_ws/install/nav2_planner:/root/nav2_ws/install/nav2_navfn_planner:/root/nav2_ws/install/nav2_mppi_controller:/root/nav2_ws/install/nav2_constrained_smoother:/root/nav2_ws/install/nav2_bt_navigator:/root/nav2_ws/install/nav2_behaviors:/root/nav2_ws/install/nav2_core:/root/nav2_ws/install/nav2_collision_monitor:/root/nav2_ws/install/costmap_queue:/root/nav2_ws/install/nav2_costmap_2d:/root/nav2_ws/install/nav2_voxel_grid:/root/nav2_ws/install/nav2_velocity_smoother:/root/nav2_ws/install/nav2_rviz_plugins:/root/nav2_ws/install/nav2_map_server:/root/nav2_ws/install/nav2_lifecycle_manager:/root/nav2_ws/install/nav2_behavior_tree:/root/nav2_ws/install/nav2_amcl:/root/nav2_ws/install/nav2_util:/root/nav2_ws/install/nav2_msgs:/root/nav2_ws/install/nav2_common:/root/tiago_public_ws/install/launch_pal:/root/nav2_ws/install/nav2_simple_commander:/opt/ros/humble LD_LIBRARY_PATH=/root/tiago_public_ws/install/play_motion2_msgs/lib:/root/tiago_public_ws/install/tiago_gazebo/lib:/root/tiago_public_ws/install/play_motion2/lib:/root/tiago_public_ws/install/plansys2_bt_example/lib:/root/nav2_ws/install/nav2_smoother/lib:/root/nav2_ws/install/nav2_graceful_controller/lib:/root/nav2_ws/install/nav2_controller/lib:/root/nav2_ws/install/dwb_plugins/lib:/root/nav2_ws/install/dwb_critics/lib:/root/nav2_ws/install/dwb_core/lib:/root/nav2_ws/install/nav_2d_utils/lib:/root/nav2_ws/install/dwb_msgs/lib:/root/nav2_ws/install/nav_2d_msgs/lib:/root/nav2_ws/install/nav2_waypoint_follower/lib:/root/nav2_ws/install/nav2_theta_star_planner/lib:/root/nav2_ws/install/nav2_smac_planner/lib:/root/nav2_ws/install/nav2_rotation_shim_controller/lib:/root/nav2_ws/install/nav2_regulated_pure_pursuit_controller/lib:/root/nav2_ws/install/nav2_planner/lib:/root/nav2_ws/install/nav2_navfn_planner/lib:/root/nav2_ws/install/nav2_mppi_controller/lib:/root/nav2_ws/install/nav2_constrained_smoother/lib:/root/nav2_ws/install/nav2_bt_navigator/lib:/root/nav2_ws/install/nav2_behaviors/lib:/root/nav2_ws/install/nav2_collision_monitor/lib:/root/nav2_ws/install/costmap_queue/lib:/root/nav2_ws/install/nav2_costmap_2d/lib:/root/nav2_ws/install/nav2_voxel_grid/lib:/root/nav2_ws/install/nav2_velocity_smoother/lib:/root/nav2_ws/install/nav2_rviz_plugins/lib:/root/nav2_ws/install/nav2_map_server/lib:/root/nav2_ws/install/nav2_lifecycle_manager/lib:/root/nav2_ws/install/nav2_behavior_tree/lib:/root/nav2_ws/install/nav2_amcl/lib:/root/nav2_ws/install/nav2_util/lib:/root/nav2_ws/install/nav2_msgs/lib:/usr/lib/x86_64-linux-gnu/gazebo-11/plugins:/opt/ros/humble/opt/rviz_ogre_vendor/lib:/opt/ros/humble/lib/x86_64-linux-gnu:/opt/ros/humble/lib PYTHONPATH=/root/tiago_public_ws/install/launch_pal/lib/python3.10/site-packages:/root/tiago_public_ws/install/urdf_test/local/lib/python3.10/dist-packages:/root/tiago_public_ws/install/tiago_gazebo/local/lib/python3.10/dist-packages:/root/tiago_public_ws/install/tiago_description/local/lib/python3.10/dist-packages:/root/tiago_public_ws/install/pmb2_description/local/lib/python3.10/dist-packages:/root/tiago_public_ws/install/play_motion2_msgs/local/lib/python3.10/dist-packages:/root/nav2_ws/install/dwb_msgs/local/lib/python3.10/dist-packages:/root/nav2_ws/install/nav_2d_msgs/local/lib/python3.10/dist-packages:/root/nav2_ws/install/nav2_simple_commander/lib/python3.10/site-packages:/root/nav2_ws/install/nav2_msgs/local/lib/python3.10/dist-packages:/root/nav2_ws/install/nav2_common/local/lib/python3.10/dist-packages:/opt/ros/humble/lib/python3.10/site-packages:/opt/ros/humble/local/lib/python3.10/dist-packages /usr/bin/cmake --build /root/tiago_public_ws/build/play_motion2 -- -j8 -l8
[0.250s] [  9%] Built target gtest_main
[0.253s] [ 18%] Built target gtest
[0.287s] [ 27%] Built target play_motion2_node_test
[0.304s] [ 45%] Built target play_motion2
[0.336s] [ 54%] Built target client
[0.373s] [ 63%] Built target rrbot_system
[0.375s] [ 72%] Built target run_motion
[0.376s] [ 81%] Built target play_motion2_node
[0.407s] [ 90%] Built target motion_loader_test
[0.411s] [100%] Built target play_motion2_test
[0.419s] Invoked command in '/root/tiago_public_ws/build/play_motion2' returned '0': AMENT_PREFIX_PATH=/root/tiago_public_ws/install/launch_pal:/root/tiago_public_ws/install/urdf_test:/root/tiago_public_ws/install/tiago_simulation:/root/tiago_public_ws/install/tiago_robot:/root/tiago_public_ws/install/tiago_navigation:/root/tiago_public_ws/install/tiago_gazebo:/root/tiago_public_ws/install/tiago_moveit_config:/root/tiago_public_ws/install/tiago_2dnav:/root/tiago_public_ws/install/tiago_laser_sensors:/root/tiago_public_ws/install/tiago_bringup:/root/tiago_public_ws/install/tiago_description:/root/tiago_public_ws/install/tiago_controller_configuration:/root/tiago_public_ws/install/pmb2_robot:/root/tiago_public_ws/install/pmb2_navigation:/root/tiago_public_ws/install/pmb2_2dnav:/root/tiago_public_ws/install/pmb2_laser_sensors:/root/tiago_public_ws/install/pmb2_bringup:/root/tiago_public_ws/install/pmb2_description:/root/tiago_public_ws/install/pmb2_controller_configuration:/root/tiago_public_ws/install/play_motion2:/root/tiago_public_ws/install/play_motion2_msgs:/root/tiago_public_ws/install/plansys2_simple_example:/root/tiago_public_ws/install/plansys2_patrol_navigation_example:/root/tiago_public_ws/install/plansys2_multidomain_example:/root/tiago_public_ws/install/plansys2_cascade_example:/root/tiago_public_ws/install/plansys2_bt_example:/root/tiago_public_ws/install/pal_hey5:/root/tiago_public_ws/install/pal_hey5_description:/root/tiago_public_ws/install/pal_gripper_simulation:/root/tiago_public_ws/install/pal_gripper:/root/tiago_public_ws/install/pal_gripper_description:/root/tiago_public_ws/install/pal_urdf_utils:/root/tiago_public_ws/install/pal_robotiq_gripper:/root/tiago_public_ws/install/pal_robotiq_description:/root/tiago_public_ws/install/pal_robotiq_controller_configuration:/root/tiago_public_ws/install/pal_navigation_cfg:/root/tiago_public_ws/install/pal_navigation_cfg_bringup:/root/tiago_public_ws/install/pal_navigation_cfg_params:/root/tiago_public_ws/install/pal_hey5_controller_configuration:/root/tiago_public_ws/install/pal_gripper_controller_configuration:/root/tiago_public_ws/install/pal_gazebo_worlds:/root/nav2_ws/install/nav2_system_tests:/root/nav2_ws/install/nav2_bringup:/root/nav2_ws/install/navigation2:/root/nav2_ws/install/nav2_smoother:/root/nav2_ws/install/nav2_graceful_controller:/root/nav2_ws/install/nav2_dwb_controller:/root/nav2_ws/install/nav2_controller:/root/nav2_ws/install/dwb_plugins:/root/nav2_ws/install/dwb_critics:/root/nav2_ws/install/dwb_core:/root/nav2_ws/install/nav_2d_utils:/root/nav2_ws/install/dwb_msgs:/root/nav2_ws/install/nav_2d_msgs:/root/nav2_ws/install/nav2_waypoint_follower:/root/nav2_ws/install/nav2_theta_star_planner:/root/nav2_ws/install/nav2_smac_planner:/root/nav2_ws/install/nav2_rotation_shim_controller:/root/nav2_ws/install/nav2_regulated_pure_pursuit_controller:/root/nav2_ws/install/nav2_planner:/root/nav2_ws/install/nav2_navfn_planner:/root/nav2_ws/install/nav2_mppi_controller:/root/nav2_ws/install/nav2_constrained_smoother:/root/nav2_ws/install/nav2_bt_navigator:/root/nav2_ws/install/nav2_behaviors:/root/nav2_ws/install/nav2_core:/root/nav2_ws/install/nav2_collision_monitor:/root/nav2_ws/install/costmap_queue:/root/nav2_ws/install/nav2_costmap_2d:/root/nav2_ws/install/nav2_voxel_grid:/root/nav2_ws/install/nav2_velocity_smoother:/root/nav2_ws/install/nav2_rviz_plugins:/root/nav2_ws/install/nav2_map_server:/root/nav2_ws/install/nav2_lifecycle_manager:/root/nav2_ws/install/nav2_behavior_tree:/root/nav2_ws/install/nav2_amcl:/root/nav2_ws/install/nav2_util:/root/nav2_ws/install/nav2_simple_commander:/root/nav2_ws/install/nav2_msgs:/root/nav2_ws/install/nav2_common:/opt/ros/humble CMAKE_PREFIX_PATH=/root/tiago_public_ws/install/play_motion2_msgs:/root/tiago_public_ws/install/urdf_test:/root/tiago_public_ws/install/tiago_simulation:/root/tiago_public_ws/install/tiago_robot:/root/tiago_public_ws/install/tiago_navigation:/root/tiago_public_ws/install/tiago_gazebo:/root/tiago_public_ws/install/tiago_moveit_config:/root/tiago_public_ws/install/tiago_2dnav:/root/tiago_public_ws/install/tiago_laser_sensors:/root/tiago_public_ws/install/tiago_bringup:/root/tiago_public_ws/install/tiago_description:/root/tiago_public_ws/install/tiago_controller_configuration:/root/tiago_public_ws/install/pmb2_robot:/root/tiago_public_ws/install/pmb2_navigation:/root/tiago_public_ws/install/pmb2_2dnav:/root/tiago_public_ws/install/pmb2_laser_sensors:/root/tiago_public_ws/install/pmb2_bringup:/root/tiago_public_ws/install/pmb2_description:/root/tiago_public_ws/install/pmb2_controller_configuration:/root/tiago_public_ws/install/play_motion2:/root/tiago_public_ws/install/plansys2_simple_example:/root/tiago_public_ws/install/plansys2_patrol_navigation_example:/root/tiago_public_ws/install/plansys2_multidomain_example:/root/tiago_public_ws/install/plansys2_cascade_example:/root/tiago_public_ws/install/plansys2_bt_example:/root/tiago_public_ws/install/pal_hey5:/root/tiago_public_ws/install/pal_hey5_description:/root/tiago_public_ws/install/pal_gripper_simulation:/root/tiago_public_ws/install/pal_gripper:/root/tiago_public_ws/install/pal_gripper_description:/root/tiago_public_ws/install/pal_urdf_utils:/root/tiago_public_ws/install/pal_robotiq_gripper:/root/tiago_public_ws/install/pal_robotiq_description:/root/tiago_public_ws/install/pal_robotiq_controller_configuration:/root/tiago_public_ws/install/pal_navigation_cfg:/root/tiago_public_ws/install/pal_navigation_cfg_bringup:/root/tiago_public_ws/install/pal_navigation_cfg_params:/root/tiago_public_ws/install/pal_hey5_controller_configuration:/root/tiago_public_ws/install/pal_gripper_controller_configuration:/root/tiago_public_ws/install/pal_gazebo_worlds:/root/nav2_ws/install/nav2_system_tests:/root/nav2_ws/install/nav2_bringup:/root/nav2_ws/install/navigation2:/root/nav2_ws/install/nav2_smoother:/root/nav2_ws/install/nav2_graceful_controller:/root/nav2_ws/install/nav2_dwb_controller:/root/nav2_ws/install/nav2_controller:/root/nav2_ws/install/dwb_plugins:/root/nav2_ws/install/dwb_critics:/root/nav2_ws/install/dwb_core:/root/nav2_ws/install/nav_2d_utils:/root/nav2_ws/install/dwb_msgs:/root/nav2_ws/install/nav_2d_msgs:/root/nav2_ws/install/nav2_waypoint_follower:/root/nav2_ws/install/nav2_theta_star_planner:/root/nav2_ws/install/nav2_smac_planner:/root/nav2_ws/install/nav2_rotation_shim_controller:/root/nav2_ws/install/nav2_regulated_pure_pursuit_controller:/root/nav2_ws/install/nav2_planner:/root/nav2_ws/install/nav2_navfn_planner:/root/nav2_ws/install/nav2_mppi_controller:/root/nav2_ws/install/nav2_constrained_smoother:/root/nav2_ws/install/nav2_bt_navigator:/root/nav2_ws/install/nav2_behaviors:/root/nav2_ws/install/nav2_core:/root/nav2_ws/install/nav2_collision_monitor:/root/nav2_ws/install/costmap_queue:/root/nav2_ws/install/nav2_costmap_2d:/root/nav2_ws/install/nav2_voxel_grid:/root/nav2_ws/install/nav2_velocity_smoother:/root/nav2_ws/install/nav2_rviz_plugins:/root/nav2_ws/install/nav2_map_server:/root/nav2_ws/install/nav2_lifecycle_manager:/root/nav2_ws/install/nav2_behavior_tree:/root/nav2_ws/install/nav2_amcl:/root/nav2_ws/install/nav2_util:/root/nav2_ws/install/nav2_msgs:/root/nav2_ws/install/nav2_common:/root/tiago_public_ws/install/launch_pal:/root/nav2_ws/install/nav2_simple_commander:/opt/ros/humble LD_LIBRARY_PATH=/root/tiago_public_ws/install/play_motion2_msgs/lib:/root/tiago_public_ws/install/tiago_gazebo/lib:/root/tiago_public_ws/install/play_motion2/lib:/root/tiago_public_ws/install/plansys2_bt_example/lib:/root/nav2_ws/install/nav2_smoother/lib:/root/nav2_ws/install/nav2_graceful_controller/lib:/root/nav2_ws/install/nav2_controller/lib:/root/nav2_ws/install/dwb_plugins/lib:/root/nav2_ws/install/dwb_critics/lib:/root/nav2_ws/install/dwb_core/lib:/root/nav2_ws/install/nav_2d_utils/lib:/root/nav2_ws/install/dwb_msgs/lib:/root/nav2_ws/install/nav_2d_msgs/lib:/root/nav2_ws/install/nav2_waypoint_follower/lib:/root/nav2_ws/install/nav2_theta_star_planner/lib:/root/nav2_ws/install/nav2_smac_planner/lib:/root/nav2_ws/install/nav2_rotation_shim_controller/lib:/root/nav2_ws/install/nav2_regulated_pure_pursuit_controller/lib:/root/nav2_ws/install/nav2_planner/lib:/root/nav2_ws/install/nav2_navfn_planner/lib:/root/nav2_ws/install/nav2_mppi_controller/lib:/root/nav2_ws/install/nav2_constrained_smoother/lib:/root/nav2_ws/install/nav2_bt_navigator/lib:/root/nav2_ws/install/nav2_behaviors/lib:/root/nav2_ws/install/nav2_collision_monitor/lib:/root/nav2_ws/install/costmap_queue/lib:/root/nav2_ws/install/nav2_costmap_2d/lib:/root/nav2_ws/install/nav2_voxel_grid/lib:/root/nav2_ws/install/nav2_velocity_smoother/lib:/root/nav2_ws/install/nav2_rviz_plugins/lib:/root/nav2_ws/install/nav2_map_server/lib:/root/nav2_ws/install/nav2_lifecycle_manager/lib:/root/nav2_ws/install/nav2_behavior_tree/lib:/root/nav2_ws/install/nav2_amcl/lib:/root/nav2_ws/install/nav2_util/lib:/root/nav2_ws/install/nav2_msgs/lib:/usr/lib/x86_64-linux-gnu/gazebo-11/plugins:/opt/ros/humble/opt/rviz_ogre_vendor/lib:/opt/ros/humble/lib/x86_64-linux-gnu:/opt/ros/humble/lib PYTHONPATH=/root/tiago_public_ws/install/launch_pal/lib/python3.10/site-packages:/root/tiago_public_ws/install/urdf_test/local/lib/python3.10/dist-packages:/root/tiago_public_ws/install/tiago_gazebo/local/lib/python3.10/dist-packages:/root/tiago_public_ws/install/tiago_description/local/lib/python3.10/dist-packages:/root/tiago_public_ws/install/pmb2_description/local/lib/python3.10/dist-packages:/root/tiago_public_ws/install/play_motion2_msgs/local/lib/python3.10/dist-packages:/root/nav2_ws/install/dwb_msgs/local/lib/python3.10/dist-packages:/root/nav2_ws/install/nav_2d_msgs/local/lib/python3.10/dist-packages:/root/nav2_ws/install/nav2_simple_commander/lib/python3.10/site-packages:/root/nav2_ws/install/nav2_msgs/local/lib/python3.10/dist-packages:/root/nav2_ws/install/nav2_common/local/lib/python3.10/dist-packages:/opt/ros/humble/lib/python3.10/site-packages:/opt/ros/humble/local/lib/python3.10/dist-packages /usr/bin/cmake --build /root/tiago_public_ws/build/play_motion2 -- -j8 -l8
[0.497s] Traceback (most recent call last):
  File "/usr/lib/python3/dist-packages/colcon_parallel_executor/executor/parallel.py", line 75, in execute
    loop.run_until_complete(future)
  File "/usr/lib/python3.10/asyncio/base_events.py", line 636, in run_until_complete
    self.run_forever()
  File "/usr/lib/python3.10/asyncio/base_events.py", line 603, in run_forever
    self._run_once()
  File "/usr/lib/python3.10/asyncio/base_events.py", line 1871, in _run_once
    event_list = self._selector.select(timeout)
  File "/usr/lib/python3.10/selectors.py", line 469, in select
    fd_event_list = self._selector.poll(timeout, max_ev)
KeyboardInterrupt

During handling of the above exception, another exception occurred:

Traceback (most recent call last):
  File "/usr/lib/python3/dist-packages/colcon_core/executor/__init__.py", line 91, in __call__
    rc = await self.task(*args, **kwargs)
  File "/usr/lib/python3/dist-packages/colcon_core/task/__init__.py", line 93, in __call__
    return await task_method(*args, **kwargs)
  File "/usr/lib/python3/dist-packages/colcon_ros/task/ament_cmake/build.py", line 59, in build
    rc = await extension.build(
  File "/usr/lib/python3/dist-packages/colcon_cmake/task/cmake/build.py", line 110, in build
    if await has_target(args.build_base, 'install'):
  File "/usr/lib/python3/dist-packages/colcon_cmake/task/cmake/__init__.py", line 57, in has_target
    return target in await get_makefile_targets(path)
  File "/usr/lib/python3/dist-packages/colcon_cmake/task/cmake/__init__.py", line 77, in get_makefile_targets
    output = await check_output([
  File "/usr/lib/python3/dist-packages/colcon_core/subprocess.py", line 129, in check_output
    assert not rc, f'Expected {args} to pass: {stderr_data}'
AssertionError: Expected ['/usr/bin/cmake', '--build', '/root/tiago_public_ws/build/play_motion2', '--target', 'help'] to pass: gmake: *** [Makefile:619: help] Interrupt

