[  9%] Built target gtest_main
[ 18%] Built target gtest
gmake[2]: *** No rule to make target '/opt/ros/humble/lib/libsrdfdom.so.2.0.4', needed by 'libplay_motion2.so'.  Stop.
gmake[1]: *** [CMakeFiles/Makefile2:169: CMakeFiles/play_motion2.dir/all] Error 2
gmake[1]: *** Waiting for unfinished jobs....
[ 27%] Built target play_motion2_node_test
gmake: *** [Makefile:146: all] Error 2
